libraries/chrome_res/build/intermediates/manifest_merge_blame_file/debug/processDebugManifest/manifest-merger-blame-debug-report.txt
1<?xml version="1.0" encoding="utf-8"?>
2<manifest xmlns:android="http://schemas.android.com/apk/res/android"
3    package="org.chromium.chrome" >
4
5    <uses-sdk android:minSdkVersion="16" />
6
7    <application
7-->src/main/AndroidManifest.xml:3:5-6:19
8        android:label="@string/app_name"
8-->src/main/AndroidManifest.xml:3:18-50
9        android:supportsRtl="true" >
9-->src/main/AndroidManifest.xml:4:9-35
10    </application>
11
12</manifest>